<?xml version="1.0" encoding="UTF-8"?>
<!-- Generated by org.testng.reporters.JUnitReportReporter -->
<testsuite hostname="A901LMAA" name="com.crm.qa.testcases.HomePageTest" tests="3" failures="0" timestamp="28 Feb 2020 09:00:48 GMT" time="65.872" errors="0">
  <testcase name="ClickDealstest" time="20.410" classname="com.crm.qa.testcases.HomePageTest"/>
  <testcase name="VerifyUserNameTest" time="25.950" classname="com.crm.qa.testcases.HomePageTest"/>
  <testcase name="loginPageTitleTest" time="19.512" classname="com.crm.qa.testcases.HomePageTest"/>
</testsuite> <!-- com.crm.qa.testcases.HomePageTest -->
