<?xml version="1.0" encoding="UTF-8"?>
<!-- Generated by org.testng.reporters.JUnitReportReporter -->
<testsuite skipped="0" hostname="Suresh" name="com.crm.qa.testcases.ContactsNewPageTest" tests="4" failures="0" timestamp="2020-03-11T00:01:42 IST" time="114.188" errors="0">
  <testcase name="AddNewContact" time="33.330" classname="com.crm.qa.testcases.ContactsNewPageTest"/>
  <system-out/>
  <testcase name="AddNewContact" time="26.557" classname="com.crm.qa.testcases.ContactsNewPageTest"/>
  <system-out/>
  <testcase name="AddNewContact" time="25.171" classname="com.crm.qa.testcases.ContactsNewPageTest"/>
  <system-out/>
  <testcase name="AddNewContact" time="29.130" classname="com.crm.qa.testcases.ContactsNewPageTest"/>
  <system-out/>
</testsuite> <!-- com.crm.qa.testcases.ContactsNewPageTest -->
