<?xml version="1.0" encoding="UTF-8"?>
<!-- Generated by org.testng.reporters.JUnitReportReporter -->
<testsuite hostname="A901LMAA" name="com.crm.qa.testcases.ContactsPageTest" tests="1" failures="0" timestamp="23 Feb 2020 10:37:50 GMT" time="19.188" errors="0">
  <testcase name="VerifyContactsURL" time="19.188" classname="com.crm.qa.testcases.ContactsPageTest"/>
</testsuite> <!-- com.crm.qa.testcases.ContactsPageTest -->
